[debug] [2019-11-28T17:18:05.698Z] ----------------------------------------------------------------------
[debug] [2019-11-28T17:18:05.700Z] Command:       C:\Program Files\nodejs\node.exe C:\Users\Alex\AppData\Roaming\npm\node_modules\firebase-tools\lib\bin\firebase.js deploy
[debug] [2019-11-28T17:18:05.701Z] CLI Version:   7.8.0
[debug] [2019-11-28T17:18:05.702Z] Platform:      win32
[debug] [2019-11-28T17:18:05.703Z] Node Version:  v10.16.3
[debug] [2019-11-28T17:18:05.706Z] Time:          Thu Nov 28 2019 11:18:05 GMT-0600 (Central Standard Time)
[debug] [2019-11-28T17:18:05.707Z] ----------------------------------------------------------------------
[debug] [2019-11-28T17:18:05.707Z] 
[debug] [2019-11-28T17:18:05.728Z] > command requires scopes: ["email","openid","https://www.googleapis.com/auth/cloudplatformprojects.readonly","https://www.googleapis.com/auth/firebase","https://www.googleapis.com/auth/cloud-platform"]
[debug] [2019-11-28T17:18:05.731Z] > authorizing via signed-in user
[debug] [2019-11-28T17:18:05.732Z] [iam] checking project squidterest-dfea2 for permissions ["firebase.projects.get","firebasehosting.sites.update"]
[debug] [2019-11-28T17:18:05.734Z] > refreshing access token with scopes: ["email","https://www.googleapis.com/auth/cloud-platform","https://www.googleapis.com/auth/cloudplatformprojects.readonly","https://www.googleapis.com/auth/firebase","openid"]
[debug] [2019-11-28T17:18:05.734Z] >>> HTTP REQUEST POST https://www.googleapis.com/oauth2/v3/token  
 <request body omitted>
[debug] [2019-11-28T17:18:05.994Z] <<< HTTP RESPONSE 200
[debug] [2019-11-28T17:18:06.001Z] >>> HTTP REQUEST POST https://cloudresourcemanager.googleapis.com/v1/projects/squidterest-dfea2:testIamPermissions  

[debug] [2019-11-28T17:18:06.253Z] <<< HTTP RESPONSE 200
[debug] [2019-11-28T17:18:06.257Z] >>> HTTP REQUEST GET https://firebase.googleapis.com/v1beta1/projects/squidterest-dfea2  
 
[debug] [2019-11-28T17:18:06.525Z] <<< HTTP RESPONSE 200
[info] 
[info] === Deploying to 'squidterest-dfea2'...
[info] 
[info] i  deploying hosting
[debug] [2019-11-28T17:18:06.531Z] >>> HTTP REQUEST POST https://firebasehosting.googleapis.com/v1beta1/sites/squidterest-dfea2/versions  

[debug] [2019-11-28T17:18:07.218Z] <<< HTTP RESPONSE 200
[info] i  hosting[squidterest-dfea2]: beginning deploy...
[info] i  hosting[squidterest-dfea2]: found 6 files in build
[debug] [2019-11-28T17:18:08.619Z] [hosting] hash cache [YnVpbGQ] stored for 6 files
[debug] [2019-11-28T17:18:08.620Z] [hosting][hash queue][FINAL]
[debug] [2019-11-28T17:18:08.621Z] >>> HTTP REQUEST POST https://firebasehosting.googleapis.com/v1beta1/sites/squidterest-dfea2/versions/aed91b3321e98120:populateFiles  
 <request body omitted>
[debug] [2019-11-28T17:18:09.135Z] <<< HTTP RESPONSE 200
[debug] [2019-11-28T17:18:09.138Z] [hosting][populate queue][FINAL]
[debug] [2019-11-28T17:18:09.139Z] [hosting] uploads queued: 1
[info] i  hosting: uploading new files [0/1] (0%)
[info] i  hosting: uploading new files [0/1] (0%)
[info] i  hosting: uploading new files [0/1] (0%)
[info] i  hosting: uploading new files [0/1] (0%)
[info] i  hosting: uploading new files [0/1] (0%)
[info] i  hosting: uploading new files [0/1] (0%)
[info] i  hosting: uploading new files [0/1] (0%)
[info] i  hosting: uploading new files [0/1] (0%)
[info] i  hosting: uploading new files [0/1] (0%)
[info] i  hosting: uploading new files [0/1] (0%)
[info] i  hosting: uploading new files [0/1] (0%)
